jul. 23, 2025 10:33:37 PM liquibase.changelog
INFO: Reading resource: db/changelog/migrations/db.changelog-20250723.sql
jul. 23, 2025 10:33:37 PM liquibase.changelog
INFO: Reading resource: db/changelog/migrations/db.changelog-202507232218.sql
jul. 23, 2025 10:33:37 PM liquibase.changelog
INFO: Reading resource: db/changelog/migrations/db.changelog-202507232225.sql
jul. 23, 2025 10:33:37 PM liquibase.changelog
INFO: Reading resource: db/changelog/migrations/db.changelog-202507232228.sql
jul. 23, 2025 10:33:37 PM liquibase.changelog
INFO: Reading from board.databasechangelog
jul. 23, 2025 10:33:37 PM liquibase.lockservice
INFO: Successfully acquired change log lock
jul. 23, 2025 10:33:37 PM liquibase.command
INFO: Using deploymentId: 3320817603
jul. 23, 2025 10:33:37 PM liquibase.changelog
INFO: Reading from board.databasechangelog
Running Changeset: db/changelog/migrations/db.changelog-202507232225.sql::20250723::junior
jul. 23, 2025 10:33:37 PM liquibase.changelog
INFO: Custom SQL executed
jul. 23, 2025 10:33:37 PM liquibase.changelog
INFO: ChangeSet db/changelog/migrations/db.changelog-202507232225.sql::20250723::junior ran successfully in 40ms
Running Changeset: db/changelog/migrations/db.changelog-202507232228.sql::20250723::junior
jul. 23, 2025 10:33:37 PM liquibase.changelog
INFO: Custom SQL executed
jul. 23, 2025 10:33:37 PM liquibase.changelog
INFO: ChangeSet db/changelog/migrations/db.changelog-202507232228.sql::20250723::junior ran successfully in 28ms

UPDATE SUMMARY
Run:                          2
Previously run:               2
Filtered out:                 0
-------------------------------
Total change sets:            4

jul. 23, 2025 10:33:37 PM liquibase.util
INFO: UPDATE SUMMARY
jul. 23, 2025 10:33:37 PM liquibase.util
INFO: Run:                          2
jul. 23, 2025 10:33:37 PM liquibase.util
INFO: Previously run:               2
jul. 23, 2025 10:33:37 PM liquibase.util
INFO: Filtered out:                 0
jul. 23, 2025 10:33:37 PM liquibase.util
INFO: -------------------------------
jul. 23, 2025 10:33:37 PM liquibase.util
INFO: Total change sets:            4
jul. 23, 2025 10:33:37 PM liquibase.util
INFO: Update summary generated
jul. 23, 2025 10:33:37 PM liquibase.command
INFO: Update command completed successfully.
Liquibase: Update has been successful. Rows affected: 2
jul. 23, 2025 10:33:37 PM liquibase.lockservice
INFO: Successfully released change log lock
jul. 23, 2025 10:33:37 PM liquibase.command
INFO: Command execution complete
